#
# A fatal error has been detected by the Java Runtime Environment:
#
#  EXCEPTION_ACCESS_VIOLATION (0xc0000005) at pc=0x000000006dadb6ea, pid=46872, tid=46372
#
# JRE version: 6.0_18-b07
# Java VM: Java HotSpot(TM) 64-Bit Server VM (16.0-b13 mixed mode windows-amd64 )
# Problematic frame:
# V  [jvm.dll+0x24b6ea]
#
# If you would like to submit a bug report, please visit:
#   http://java.sun.com/webapps/bugreport/crash.jsp
#

---------------  T H R E A D  ---------------

Current thread (0x000000000653a800):  JavaThread "JDWP Transport Listener: dt_socket" daemon [_thread_in_vm, id=46372, stack(0x0000000006da0000,0x0000000006ea0000)]

siginfo: ExceptionCode=0xc0000005, reading address 0xffffffffffffffff

Registers:
EAX=0x0000000006e9fa01, EBX=0x000000000653a800, ECX=0x003b6c6f72746e6f, EDX=0x000000000653a800
ESP=0x0000000006e9f9e0, EBP=0x003b6c6f72746e6f, ESI=0x0000000006e9fac0, EDI=0x000000000021a080
EIP=0x000000006dadb6ea, EFLAGS=0x0000000000010246

Top of Stack: (sp=0x0000000006e9f9e0)
0x0000000006e9f9e0:   0000000000000000 000000006d4e54d3
0x0000000006e9f9f0:   0000000006e9fbf0 000000006db15a35
0x0000000006e9fa00:   000000000653a800 000000006db3468a
0x0000000006e9fa10:   0000000000000000 000000006d4e54d3
0x0000000006e9fa20:   000000000653a800 000000000021a080
0x0000000006e9fa30:   000000000653a800 0000000000000000
0x0000000006e9fa40:   0000000000000000 0000000000000000
0x0000000006e9fa50:   0000000000000001 000000006d4dff6e
0x0000000006e9fa60:   0000000006e9fac0 00000000076f99a0
0x0000000006e9fa70:   0000000000000001 003b6c6f72746e6f
0x0000000006e9fa80:   0000000000000001 003b6c6f72746e6f
0x0000000006e9fa90:   0000000006e9fbf0 000000006d4c4f64
0x0000000006e9faa0:   0000000006e9fbf0 60b5550608000000
0x0000000006e9fab0:   00000000076fb750 0000000000000000
0x0000000006e9fac0:   0000000806e9fb00 0000000000000000
0x0000000006e9fad0:   0000000000000000 0000000000000000 

Instructions: (pc=0x000000006dadb6ea)
0x000000006dadb6da:   08 33 c0 48 83 c4 20 5b c3 80 3d 5e 89 3d 00 00
0x000000006dadb6ea:   48 8b 19 74 16 8b 43 08 0f b6 0d e7 83 3c 00 48 


Stack: [0x0000000006da0000,0x0000000006ea0000],  sp=0x0000000006e9f9e0,  free space=3fe0000000000000000k
Native frames: (J=compiled Java code, j=interpreted, Vv=VM code, C=native code)
V  [jvm.dll+0x24b6ea]


---------------  P R O C E S S  ---------------

Java Threads: ( => current thread )
  0x00000000066ef800 JavaThread "ReaderThread" [_thread_in_native, id=45220, stack(0x0000000007ad0000,0x0000000007bd0000)]
  0x000000000655e800 JavaThread "Low Memory Detector" daemon [_thread_blocked, id=46260, stack(0x00000000074d0000,0x00000000075d0000)]
  0x000000000655d000 JavaThread "CompilerThread1" daemon [_thread_blocked, id=38040, stack(0x00000000073d0000,0x00000000074d0000)]
  0x0000000006555000 JavaThread "CompilerThread0" daemon [_thread_blocked, id=29276, stack(0x00000000072d0000,0x00000000073d0000)]
  0x0000000006552000 JavaThread "JDWP Command Reader" daemon [_thread_in_native, id=41332, stack(0x00000000071d0000,0x00000000072d0000)]
  0x000000000653c800 JavaThread "JDWP Event Helper Thread" daemon [_thread_blocked, id=46312, stack(0x00000000070d0000,0x00000000071d0000)]
=>0x000000000653a800 JavaThread "JDWP Transport Listener: dt_socket" daemon [_thread_in_vm, id=46372, stack(0x0000000006da0000,0x0000000006ea0000)]
  0x0000000000522000 JavaThread "Attach Listener" daemon [_thread_blocked, id=38720, stack(0x00000000067f0000,0x00000000068f0000)]
  0x0000000000521000 JavaThread "Signal Dispatcher" daemon [_thread_blocked, id=28744, stack(0x00000000066f0000,0x00000000067f0000)]
  0x000000000050e800 JavaThread "Finalizer" daemon [_thread_blocked, id=45980, stack(0x00000000063f0000,0x00000000064f0000)]
  0x0000000000505000 JavaThread "Reference Handler" daemon [_thread_blocked, id=44428, stack(0x00000000062f0000,0x00000000063f0000)]
  0x000000000021d800 JavaThread "main" [_thread_blocked, id=45040, stack(0x0000000002430000,0x0000000002530000)]

Other Threads:
  0x0000000000500800 VMThread [stack: 0x00000000061f0000,0x00000000062f0000] [id=46336]
  0x0000000006560000 WatcherThread [stack: 0x00000000075d0000,0x00000000076d0000] [id=47360]

VM state:not at safepoint (normal execution)

VM Mutex/Monitor currently owned by a thread: None

Heap
 PSYoungGen      total 37760K, used 3886K [0x00000000d9950000, 0x00000000dc370000, 0x0000000103bf0000)
  eden space 32384K, 12% used [0x00000000d9950000,0x00000000d9d1bad0,0x00000000db8f0000)
  from space 5376K, 0% used [0x00000000dbe30000,0x00000000dbe30000,0x00000000dc370000)
  to   space 5376K, 0% used [0x00000000db8f0000,0x00000000db8f0000,0x00000000dbe30000)
 PSOldGen        total 86336K, used 0K [0x00000000853f0000, 0x000000008a840000, 0x00000000d9950000)
  object space 86336K, 0% used [0x00000000853f0000,0x00000000853f0000,0x000000008a840000)
 PSPermGen       total 21248K, used 4314K [0x000000007fff0000, 0x00000000814b0000, 0x00000000853f0000)
  object space 21248K, 20% used [0x000000007fff0000,0x0000000080426ba8,0x00000000814b0000)

Dynamic libraries:
0x0000000000400000 - 0x000000000042e000 	C:\apps\java\jdk1.6.0_18-x64\bin\javaw.exe
0x0000000076f90000 - 0x0000000077139000 	C:\Windows\SYSTEM32\ntdll.dll
0x0000000076d10000 - 0x0000000076e2f000 	C:\Windows\system32\kernel32.dll
0x000007fefd6f0000 - 0x000007fefd75c000 	C:\Windows\system32\KERNELBASE.dll
0x000007fefee30000 - 0x000007fefef0b000 	C:\Windows\system32\ADVAPI32.dll
0x000007fefe980000 - 0x000007fefea1f000 	C:\Windows\system32\msvcrt.dll
0x000007fefe960000 - 0x000007fefe97f000 	C:\Windows\SYSTEM32\sechost.dll
0x000007fefef90000 - 0x000007feff0bd000 	C:\Windows\system32\RPCRT4.dll
0x0000000076c10000 - 0x0000000076d0a000 	C:\Windows\system32\USER32.dll
0x000007fefec40000 - 0x000007fefeca7000 	C:\Windows\system32\GDI32.dll
0x000007fefeba0000 - 0x000007fefebae000 	C:\Windows\system32\LPK.dll
0x000007fefea20000 - 0x000007fefeae9000 	C:\Windows\system32\USP10.dll
0x000007fefe890000 - 0x000007fefe8be000 	C:\Windows\system32\IMM32.DLL
0x000007fefd7c0000 - 0x000007fefd8c9000 	C:\Windows\system32\MSCTF.dll
0x000000006d890000 - 0x000000006df35000 	C:\apps\java\jdk1.6.0_18-x64\jre\bin\server\jvm.dll
0x000007fefb190000 - 0x000007fefb1cb000 	C:\Windows\system32\WINMM.dll
0x000000006d800000 - 0x000000006d80e000 	C:\apps\java\jdk1.6.0_18-x64\jre\bin\verify.dll
0x000000006d450000 - 0x000000006d477000 	C:\apps\java\jdk1.6.0_18-x64\jre\bin\java.dll
0x000000006d3b0000 - 0x000000006d3ba000 	C:\apps\java\jdk1.6.0_18-x64\jre\bin\hpi.dll
0x0000000077150000 - 0x0000000077157000 	C:\Windows\system32\PSAPI.DLL
0x000000006d4c0000 - 0x000000006d4f4000 	C:\apps\java\jdk1.6.0_18-x64\jre\bin\jdwp.dll
0x000000006d6d0000 - 0x000000006d6d8000 	C:\apps\java\jdk1.6.0_18-x64\jre\bin\npt.dll
0x000000006d850000 - 0x000000006d862000 	C:\apps\java\jdk1.6.0_18-x64\jre\bin\zip.dll
0x000000006d310000 - 0x000000006d319000 	C:\apps\java\jdk1.6.0_18-x64\jre\bin\dt_socket.dll
0x000007fefeb50000 - 0x000007fefeb9d000 	C:\Windows\system32\WS2_32.dll
0x000007fefec30000 - 0x000007fefec38000 	C:\Windows\system32\NSI.dll
0x000007fefbf20000 - 0x000007fefbf35000 	C:\Windows\system32\NLAapi.dll
0x000007fef94e0000 - 0x000007fef94f5000 	C:\Windows\system32\napinsp.dll
0x000007fef94c0000 - 0x000007fef94d9000 	C:\Windows\system32\pnrpnsp.dll
0x000007fef93d0000 - 0x000007fef93e0000 	C:\Windows\system32\wshbth.dll
0x000007fefcc60000 - 0x000007fefccb5000 	C:\Windows\System32\mswsock.dll
0x000007fefcae0000 - 0x000007fefcb3b000 	C:\Windows\system32\DNSAPI.dll
0x000007fef93c0000 - 0x000007fef93cb000 	C:\Windows\System32\winrnr.dll
0x00000000732c0000 - 0x00000000732e6000 	C:\Program Files\Bonjour\mdnsNSP.dll
0x000007fefb9b0000 - 0x000007fefb9d7000 	C:\Windows\system32\Iphlpapi.DLL
0x000007fefb9a0000 - 0x000007fefb9ab000 	C:\Windows\system32\WINNSI.DLL
0x000007fefaed0000 - 0x000007fefaf23000 	C:\Windows\System32\fwpuclnt.dll
0x000007fef93b0000 - 0x000007fef93b8000 	C:\Windows\system32\rasadhlp.dll
0x000007fefc610000 - 0x000007fefc617000 	C:\Windows\System32\wshtcpip.dll
0x000000006d6a0000 - 0x000000006d6b7000 	C:\apps\java\jdk1.6.0_18-x64\jre\bin\net.dll
0x000007fefcc50000 - 0x000007fefcc57000 	C:\Windows\System32\wship6.dll

VM Arguments:
jvm_args: -agentlib:jdwp=transport=dt_socket,suspend=y,address=localhost:51073 -Dfile.encoding=Cp1252 
java_command: org.eclipse.jdt.internal.junit.runner.RemoteTestRunner -version 3 -port 51072 -testLoaderClass org.eclipse.jdt.internal.junit4.runner.JUnit4TestLoader -loaderpluginname org.eclipse.jdt.junit4.runtime -classNames com.droff.qna.equation.EquationSolverTest
Launcher Type: SUN_STANDARD

Environment Variables:
JAVA_HOME=C:\apps\java\jdk1.6.0_18-x64
PATH=C:\apps\java\jdk1.6.0_18-x64\jre\bin;C:\Windows\system32;C:\Windows;C:\Windows\System32\Wbem;C:\Windows\System32\WindowsPowerShell\v1.0\;C:\Program Files\ThinkPad\Bluetooth Software\;C:\Program Files\ThinkPad\Bluetooth Software\syswow64;C:\Program Files (x86)\ATI Technologies\ATI.ACE\Core-Static;C:\apps\java\jdk1.6.0_18-x64\bin;C:\apps\ant\apache-ant-1.7.0\bin;c:\apps\mvn\apache-maven-3.0.3\bin;C:\apps\java\jco\jco-3.0.5\win64bX86\;C:\Program Files\Perforce;C:\apps\java\jad;C:\apps\fb\20110110\Adobe Flash Builder Burrito\player\win\10.2;C:\Program Files\TortoiseSVN\bin;C:\Program Files\SlikSvn\bin\;C:\Program Files\SlikSvn\bin;C:\Program Files (x86)\Windows Imaging\;C:\apps\android\sdk_r07\android-sdk-windows\tools;C:\Program Files (x86)\X-Rite\Devices\Services;C:\Program Files (x86)\X-Rite\Devices\Lib;C:\apps\day\vault-cli-2.3.20\bin;C:\Program Files\Intel\WiFi\bin\;C:\Program Files\Common Files\Intel\WirelessCommon\;C:\Program Files\R\R-2.14.0\bin\x64;C:\Program Files (x86)\Heroku;C:\Program Files (x86)\git\bin;C:\Program Files (x86)\git\cmd;C:\Program Files (x86)\Git\cmd;C:\apps\javascript\phantomjs-1.3.0-win32-dynamic;C:\Program Files\Code Collaborator Client;C:\apps\cloudbees-sdk\cloudbees-sdk-1.2.1;C:\Program Files\nodejs\;C:\apps\Ruby193\bin;C:\Program Files\Intel\WiFi\bin\;C:\Program Files\Common Files\Intel\WirelessCommon\;C:\Users\ledroff\AppData\Roaming\npm\
USERNAME=ledroff
OS=Windows_NT
PROCESSOR_IDENTIFIER=Intel64 Family 6 Model 23 Stepping 10, GenuineIntel



---------------  S Y S T E M  ---------------

OS: Windows 7 Build 7601 Service Pack 1

CPU:total 2 (2 cores per cpu, 1 threads per core) family 6 model 23 stepping 10, cmov, cx8, fxsr, mmx, sse, sse2, sse3, ssse3, sse4.1

Memory: 4k page, physical 8282140k(1568312k free), swap 16562428k(5371228k free)

vm_info: Java HotSpot(TM) 64-Bit Server VM (16.0-b13) for windows-amd64 JRE (1.6.0_18-b07), built on Dec 17 2009 13:24:11 by "java_re" with MS VC++ 8.0 (VS2005)

time: Tue Jan 15 16:17:49 2013
elapsed time: 220 seconds

